0	0	train/0.jpg
1	0	train/1.jpg
2	1	train/2.jpg
3	0	train/3.jpg
4	0	train/4.jpg
5	0	train/5.jpg
6	0	train/6.jpg
7	1	train/7.jpg
8	0	train/8.jpg
9	0	train/9.jpg
10	0	train/10.jpg
11	1	train/11.jpg
12	0	train/12.jpg
13	1	train/13.jpg
14	1	train/14.jpg
15	0	train/15.jpg
16	0	train/16.jpg
17	0	train/17.jpg
18	0	train/18.jpg
19	1	train/19.jpg
20	0	train/20.jpg
21	0	train/21.jpg
22	0	train/22.jpg
23	0	train/23.jpg
24	1	train/24.jpg
25	1	train/25.jpg
26	0	train/26.jpg
27	1	train/27.jpg
28	0	train/28.jpg
29	1	train/29.jpg
30	0	train/30.jpg
31	0	train/31.jpg
32	0	train/32.jpg
33	0	train/33.jpg
34	0	train/34.jpg
35	0	train/35.jpg
36	0	train/36.jpg
37	0	train/37.jpg
38	1	train/38.jpg
39	0	train/39.jpg
40	0	train/40.jpg
41	1	train/41.jpg
42	1	train/42.jpg
43	0	train/43.jpg
44	0	train/44.jpg
45	0	train/45.jpg
46	0	train/46.jpg
47	1	train/47.jpg
48	0	train/48.jpg
49	0	train/49.jpg
50	1	train/50.jpg
51	0	train/51.jpg
52	0	train/52.jpg
53	0	train/53.jpg
54	1	train/54.jpg
55	0	train/55.jpg
56	1	train/56.jpg
57	1	train/57.jpg
58	0	train/58.jpg
59	1	train/59.jpg
60	1	train/60.jpg
61	1	train/61.jpg
62	0	train/62.jpg
63	0	train/63.jpg
64	0	train/64.jpg
65	0	train/65.jpg
66	0	train/66.jpg
67	0	train/67.jpg
68	1	train/68.jpg
69	0	train/69.jpg
70	0	train/70.jpg
71	1	train/71.jpg
72	0	train/72.jpg
73	0	train/73.jpg
74	0	train/74.jpg
75	0	train/75.jpg
76	0	train/76.jpg
77	0	train/77.jpg
78	0	train/78.jpg
79	0	train/79.jpg
80	0	train/80.jpg
81	0	train/81.jpg
82	0	train/82.jpg
83	1	train/83.jpg
84	1	train/84.jpg
85	0	train/85.jpg
86	0	train/86.jpg
87	0	train/87.jpg
88	1	train/88.jpg
89	0	train/89.jpg
90	0	train/90.jpg
91	0	train/91.jpg
92	1	train/92.jpg
93	1	train/93.jpg
94	1	train/94.jpg
95	0	train/95.jpg
96	0	train/96.jpg
97	1	train/97.jpg
98	0	train/98.jpg
99	0	train/99.jpg
100	0	train/100.jpg
101	0	train/101.jpg
102	1	train/102.jpg
103	0	train/103.jpg
104	1	train/104.jpg
105	0	train/105.jpg
106	1	train/106.jpg
107	1	train/107.jpg
108	1	train/108.jpg
109	1	train/109.jpg
110	1	train/110.jpg
111	1	train/111.jpg
112	0	train/112.jpg
113	0	train/113.jpg
114	0	train/114.jpg
115	0	train/115.jpg
116	0	train/116.jpg
117	1	train/117.jpg
118	0	train/118.jpg
119	0	train/119.jpg
120	0	train/120.jpg
121	1	train/121.jpg
122	0	train/122.jpg
123	0	train/123.jpg
124	1	train/124.jpg
125	0	train/125.jpg
126	1	train/126.jpg
127	0	train/127.jpg
128	1	train/128.jpg
129	1	train/129.jpg
130	0	train/130.jpg
131	0	train/131.jpg
132	0	train/132.jpg
133	1	train/133.jpg
134	1	train/134.jpg
135	1	train/135.jpg
136	1	train/136.jpg
137	1	train/137.jpg
138	0	train/138.jpg
139	0	train/139.jpg
140	0	train/140.jpg
141	0	train/141.jpg
142	1	train/142.jpg
143	0	train/143.jpg
144	1	train/144.jpg
145	1	train/145.jpg
146	1	train/146.jpg
147	0	train/147.jpg
148	1	train/148.jpg
149	1	train/149.jpg
150	0	train/150.jpg
151	0	train/151.jpg
152	0	train/152.jpg
153	1	train/153.jpg
154	0	train/154.jpg
155	0	train/155.jpg
156	1	train/156.jpg
157	0	train/157.jpg
158	0	train/158.jpg
159	0	train/159.jpg
160	0	train/160.jpg
161	0	train/161.jpg
162	1	train/162.jpg
163	0	train/163.jpg
164	1	train/164.jpg
165	0	train/165.jpg
166	1	train/166.jpg
167	0	train/167.jpg
168	0	train/168.jpg
169	1	train/169.jpg
170	1	train/170.jpg
171	1	train/171.jpg
172	0	train/172.jpg
173	0	train/173.jpg
174	1	train/174.jpg
175	1	train/175.jpg
176	0	train/176.jpg
177	1	train/177.jpg
178	0	train/178.jpg
179	1	train/179.jpg
180	0	train/180.jpg
181	0	train/181.jpg
182	0	train/182.jpg
183	0	train/183.jpg
184	0	train/184.jpg
185	1	train/185.jpg
186	0	train/186.jpg
187	0	train/187.jpg
188	1	train/188.jpg
189	0	train/189.jpg
190	0	train/190.jpg
191	0	train/191.jpg
192	1	train/192.jpg
193	0	train/193.jpg
194	0	train/194.jpg
195	0	train/195.jpg
196	0	train/196.jpg
197	1	train/197.jpg
198	0	train/198.jpg
199	0	train/199.jpg
200	1	train/200.jpg
201	0	train/201.jpg
202	0	train/202.jpg
203	0	train/203.jpg
204	0	train/204.jpg
205	0	train/205.jpg
206	0	train/206.jpg
207	0	train/207.jpg
208	0	train/208.jpg
